2020-07-10 16:00:28,549 - Logging - INFO - Table laptop: added -> 2020 Newest Lenovo Premium IdeaPad Gaming 3i Laptop PC: 15.6" FHD Display, 10th Gen Intel 4-Core i5, 16GB RAM, 512GB SSD, WiFi, Bluetooth, Backlit-KB, NVIDIA GeForce GTX1650Ti, Windows10, June MP
2020-07-10 16:00:28,562 - Logging - INFO - Table laptop: added -> Lenovo IdeaPad S145 15.6" Laptop Computer: AMD Core A6-9225 Upto 3.1GHz, 8GB RAM, 256GB NVMe SSD + 500GB HDD, 802.11AC WiFi, Bluetooth 4.2, Card Reader, Webcam, HDMI - Windows 10 Pro
2020-07-10 16:00:28,576 - Logging - INFO - Table laptop: added -> 2020 Lenovo ThinkPad T490 14" FHD Laptop Computer, Intel Core i5-8265U, 32GB RAM, 1TB SSD, Intel UHD Graphics 620, HD Webcam, HDMI, Fingerprint Reader, Windows 10 Pro, Black, 32GB Snow Bell USB Card
2020-07-10 16:00:28,590 - Logging - INFO - Table laptop: added -> Lenovo IdeaPad S145 15.6" Laptop Computer: AMD Core A6-9225 Upto 3.1GHz, 8GB RAM, 1TB NVMe SSD, 802.11AC WiFi, Bluetooth 4.2, Card Reader, Webcam, HDMI - Windows 10 Pro
2020-07-10 16:00:28,602 - Logging - INFO - Table laptop: added -> ASUS VivoBook S15 S532 Thin & Light Laptop, 15.6” FHD, Intel Core i5-10210U CPU, 8GB DDR4 RAM, 512GB PCIe SSD, Windows 10 Home, IR Camera, S532FA-DH55-GN, Moss Green-Metal (Renewed)
2020-07-10 16:00:28,612 - Logging - INFO - Table laptop: added -> 2020 Lenovo IdeaPad 15.6" FHD LED Laptop Computer, AMD Ryzen 3-3200U Processor, 12GB RAM, 256GB PCIe SSD, Dolby Audio, AMD Radeon Vega 3 Graphics, Webcam, HDMI, Win 10 S, Gray, 32GB Snow Bell USB Card
2020-07-10 16:00:28,623 - Logging - INFO - Table laptop: added -> ASUS VivoBook 15.6" Laptop - AMD Ryzen 7 3700U - 32GB RAM, 256GB NVMe SSD – Full HD Radeon RX Vega 10 Graphics, HDMI, USB Type-C, 9hr Battery, Wi-Fi, Bluetooth – Windows 10 Pro
2020-07-10 16:00:28,635 - Logging - INFO - Table laptop: added -> HP Omen 17-AN100 Gaming Laptop Intel Six Core i7 up to 4.1GHz 32GB (16GB DDR4 RAM + 16GB Optane) 1TB HDD 17.3in 4K B&O Audio Webcam WiFi NVIDIA 6GB Graphics (Renewed)
2020-07-10 16:00:28,646 - Logging - INFO - Table laptop: added -> ASUS VivoBook 17 17.3" FHD Laptop Computer, Quad-Core AMD Ryzen 7 3700U (Beats i7-8550U), 20GB DDR4 RAM, 512GB PCIe SSD, 802.11ac WiFi, Type-C, Silver, Windows 10. Brown Box One Year Warranty
2020-07-10 16:00:28,659 - Logging - INFO - Table laptop: added -> 2020 Newest ASUS VivoBook 15.6" Full HD Laptop AMD Ryzen 7 3700U 12GB RAM 512GB SSD Radeon RX Vega HDMI WiFi Bluetooth 10 Windows 10 Home Silver (Renewed)
2020-07-10 16:00:28,670 - Logging - INFO - Table laptop: added -> Acer - Nitro 5 15.6" Laptop - Intel Core i5 --10300H 8GB Memory - NVIDIA GeForce GTX 1650 - 256GB SSD - Obsidian Black
2020-07-10 16:00:28,680 - Logging - INFO - Table laptop: added -> 2020_HP Pavilion x360 14" FHD Touchscreen 2-in-1 Laptop, Intel Core i5-1035G1 (Up to 3.60GHz), 8GB RAM, 256GB SSD, Webcam, 802.11ac, HDMI, Bluetooth, Fingerprint Reader, Win10, w/Santax Accessories
2020-07-10 16:00:28,691 - Logging - INFO - Table laptop: added -> ASUS - 15.6" Laptop - AMD Ryzen 7 - 8GB Memory - NVIDIA GeForce RTX 2060 - 512GB SSD - Fortress Gray
2020-07-10 16:00:28,701 - Logging - INFO - Table laptop: added -> Dell Latitude 7480 Laptop, 14" FHD Display, Intel Core i5-6300U Upto 3.0Ghz, 8GB RAM, 256GB SSD, HDMI, DisplayPort via USB-C, Card Reader, Wi-Fi, Bluetooth, Windows 10 Pro (Renewed)
2020-07-10 16:00:28,713 - Logging - INFO - Table laptop: added -> Dell Latitude 5424 Rugged Laptop, Intel Core i3-7130U @2.70GHz, 14" FHD WVA (1920 x 1080), 8GB, 128GB SSD, WiFi, Webcam, Windows 10 Pro
2020-07-10 16:00:28,725 - Logging - INFO - Table laptop: added -> HP Envy x360 2-in-1 Laptop, 15.6" FHD Touch Display, Intel Core i7-1065G7 Upto 3.9GHz, 8GB RAM, 128GB NVMe SSD, HDMI, DisplayPort via USB-C, Card Reader, Wi-Fi, Bluetooth, Windows 10 Pro
2020-07-10 16:00:37,731 - Logging - INFO - Table laptop has been created
2020-07-10 16:00:37,748 - Logging - INFO - Table laptop_features has been created
2020-07-10 16:00:37,767 - Logging - INFO - Table reviews has been created
2020-07-10 16:00:55,568 - Logging - INFO - Table laptop has been created
2020-07-10 16:00:55,581 - Logging - INFO - Table laptop_features has been created
2020-07-10 16:00:55,597 - Logging - INFO - Table reviews has been created
2020-07-10 16:00:55,611 - Logging - INFO - Table profile has been created
2020-07-10 16:01:04,932 - Logging - INFO - Table laptop: added -> HP Stream 14" HD WLED-Backlit Laptop, Intel Celeron N4000, 4GB DDR4, 64GB eMMC, Webcam, Bluetooth, USB 3.1, HDMI, Windows 10 S, 1 Year Office 365 Personal for 1 Year, Rose Pink + 64GB MicroSD Card
2020-07-10 16:01:04,942 - Logging - INFO - Table laptop: added -> Microsoft Surface Laptop 2 13.5" Touch 16GB 256GB SSD Intel Core i5-8250U X4 1.6GHz Win10, Platinum
2020-07-10 16:01:04,952 - Logging - INFO - Table laptop: added -> HP 15.6" HD WLED-Backlit Touch-Screen Business Laptop, Intel Quad Core i5-1035G1 Upto 3.6GHz, 12GB DDR4, 1TB 5400RPM SATA HDD, Backlit KB, Webcam, WiFi, Bluetooth, HDMI, USB-C, Windows 10, ABYS Bundle
2020-07-10 16:01:04,964 - Logging - INFO - Table laptop: added -> Pandamama Practical 15.6-Inch Led-Backlit Laptop Quad-Core 1.04Ghz 4G +64G Large Memory Long Standby Notebook Computer with Camera
2020-07-10 16:01:04,976 - Logging - INFO - Table laptop: added -> Microsoft Surface Laptop 2 13.5" Touch 16GB 512GB SSD Intel Core i7-8650U X4 1.9GHz Win10, Platinum
2020-07-10 16:01:04,987 - Logging - INFO - Table laptop: added -> Dell XPS 13 9300 Laptop, 13.4" UHD+ (3840 x 2400) Touchscreen, Intel Core 10th Gen i7-1065G7, 16GB LPRAMX Ram, 512GB Class 35 SSD, Windows 10 Pro
2020-07-10 16:01:04,998 - Logging - INFO - Table laptop: added -> Lenovo ThinkPad X1 Carbon 7th Gen Laptop, 14" FHD (1920 x 1080) Touchscreen, 8th Gen Intel Core i7-8565U, 16GB RAM, 256GB SSD, Windows 10 (Renewed)
2020-07-10 16:01:05,010 - Logging - INFO - Table laptop: added -> Lenovo ThinkPad T590 Laptop, 15.6" FHD (1920 x 1080) Non-Touch, 8th Gen Intel Core i7-8565U, 8GB Soldered RAM, 512GB SSD, Windows 10 Pro (Renewed)
2020-07-10 16:01:05,021 - Logging - INFO - Table laptop: added -> Lenovo ThinkPad P43s Mobile Workstation Laptop, 14" FHD (1920x1080), Intel Core i7-8665U, 16GB Soldered RAM, 512GB SSD,2, NVIDIA Quadro P520, Windows 10 Pro (Renewed)
2020-07-10 16:01:05,031 - Logging - INFO - Table laptop: added -> Dell XPS 13 9300 Laptop, 13.4" UHD+ (3840 x 2400) Touchscreen, Intel Core 10th Gen i7-1065G7, 16GB LPRAMX Ram, 512GB Class 35 SSD, Windows 10 Pro (Renewed)
2020-07-10 16:01:05,042 - Logging - INFO - Table laptop: added -> Dell Latitude 5500 Laptop, 15.6" FHD (1920x1080) Non-Touch, Intel Core 8th Gen i5-8365U, 16GB RAM, 512GB SSD, AMD Radeon 540, Windows 10 Pro (Renewed)
2020-07-10 16:01:05,053 - Logging - INFO - Table laptop: added -> Dell Latitude 7200 2-in-1 Laptop, 12.3" FHD (1920 x 1280) Touchscreen, Intel Core 8th Gen i7-8665U, 16GB RAM, 256GB Class 35 SSD, Windows 10 Pro, No Keyboard (Renewed)
2020-07-10 16:01:05,064 - Logging - INFO - Table laptop: added -> Dell Latitude 7300 Laptop, 13.3" FHD (1920 x 1080) Non-Touch, Intel Core 8th Gen i5-8265U, 8GB RAM, 256GB SSD, Windows 10 Pro (Renewed)
2020-07-10 16:01:05,076 - Logging - INFO - Table laptop: added -> XPC MSI Modern 14 A10M Notebook Enthusiast (Intel 10th Gen i5-10210U, 8GB RAM, 1TB NVMe SSD, 14" Full HD, Windows 10) Professional Laptop Computer PC
2020-07-10 16:01:05,088 - Logging - INFO - Table laptop: added -> MSI Modern 14 A10M-882 (i5-10210U, 32GB RAM, 512GB NVMe SSD, 14" Full HD, Windows 10) Professional Laptop
2020-07-10 16:01:05,102 - Logging - INFO - Table laptop: added -> MSI Modern 14 A10RAS-884 Extreme Pro (i5-10210U, 8GB RAM, 1TB NVMe SSD, MX330 2GB, 14" Full HD, Windows 10) Professional Laptop
2020-07-10 16:01:21,447 - Logging - WARNING - https://www.amazon.com/HP-WLED-Backlit-Celeron-Bluetooth-Personal/dp/B08CK3ZLZQ/ref=sr_1_65?dchild=1&keywords=laptop&qid=1594213292&sr=8-65  doesn't return content for table2
2020-07-10 16:01:21,448 - Logging - WARNING - https://www.amazon.com/HP-WLED-Backlit-Celeron-Bluetooth-Personal/dp/B08CK3ZLZQ/ref=sr_1_65?dchild=1&keywords=laptop&qid=1594213292&sr=8-65  doesn't return content for table3
2020-07-10 16:01:21,713 - Logging - WARNING - https://www.amazon.com/Microsoft-Surface-i5-8250U-X4-1-6GHz-Platinum/dp/B08CKJ9PX1/ref=sr_1_66?dchild=1&keywords=laptop&qid=1594213292&sr=8-66  doesn't return content for table2
2020-07-10 16:01:21,715 - Logging - WARNING - https://www.amazon.com/Microsoft-Surface-i5-8250U-X4-1-6GHz-Platinum/dp/B08CKJ9PX1/ref=sr_1_66?dchild=1&keywords=laptop&qid=1594213292&sr=8-66  doesn't return content for table3
2020-07-10 16:01:21,966 - Logging - WARNING - https://www.amazon.com/HP-WLED-Backlit-Touch-Screen-i5-1035G1-Bluetooth/dp/B08CK3GJBD/ref=sr_1_67?dchild=1&keywords=laptop&qid=1594213292&sr=8-67  doesn't return content for table2
2020-07-10 16:01:21,967 - Logging - WARNING - https://www.amazon.com/HP-WLED-Backlit-Touch-Screen-i5-1035G1-Bluetooth/dp/B08CK3GJBD/ref=sr_1_67?dchild=1&keywords=laptop&qid=1594213292&sr=8-67  doesn't return content for table3
2020-07-10 16:01:22,220 - Logging - WARNING - https://www.amazon.com/Pandamama-Practical-15-6-Inch-Led-Backlit-Quad-Core/dp/B08CKLYDSC/ref=sr_1_68?dchild=1&keywords=laptop&qid=1594213292&sr=8-68  doesn't return content for table2
2020-07-10 16:01:22,222 - Logging - WARNING - https://www.amazon.com/Pandamama-Practical-15-6-Inch-Led-Backlit-Quad-Core/dp/B08CKLYDSC/ref=sr_1_68?dchild=1&keywords=laptop&qid=1594213292&sr=8-68  doesn't return content for table3
2020-07-10 16:01:22,727 - Logging - WARNING - https://www.amazon.com/Microsoft-Surface-i7-8650U-X4-1-9GHz-Platinum/dp/B08CKCTHVF/ref=sr_1_69?dchild=1&keywords=laptop&qid=1594213292&sr=8-69  doesn't return content for table2
2020-07-10 16:01:22,729 - Logging - WARNING - https://www.amazon.com/Microsoft-Surface-i7-8650U-X4-1-9GHz-Platinum/dp/B08CKCTHVF/ref=sr_1_69?dchild=1&keywords=laptop&qid=1594213292&sr=8-69  doesn't return content for table3
2020-07-10 16:01:23,597 - Logging - WARNING - https://www.amazon.com/Dell-XPS-13-9300-Touchscreen/dp/B08CK83YG8/ref=sr_1_70?dchild=1&keywords=laptop&qid=1594213292&sr=8-70  doesn't return content for table2
2020-07-10 16:01:23,600 - Logging - WARNING - https://www.amazon.com/Dell-XPS-13-9300-Touchscreen/dp/B08CK83YG8/ref=sr_1_70?dchild=1&keywords=laptop&qid=1594213292&sr=8-70  doesn't return content for table3
2020-07-10 16:01:25,191 - Logging - INFO - Table features laptop: added -> 7
2020-07-10 16:01:26,069 - Logging - WARNING - https://www.amazon.com/Lenovo-ThinkPad-T590-Non-Touch-i7-8565U/dp/B08CK2MCC3/ref=sr_1_72?dchild=1&keywords=laptop&qid=1594213292&sr=8-72  doesn't return content for table2
2020-07-10 16:01:26,070 - Logging - WARNING - https://www.amazon.com/Lenovo-ThinkPad-T590-Non-Touch-i7-8565U/dp/B08CK2MCC3/ref=sr_1_72?dchild=1&keywords=laptop&qid=1594213292&sr=8-72  doesn't return content for table3
2020-07-10 16:01:26,617 - Logging - WARNING - https://www.amazon.com/Lenovo-ThinkPad-P43s-Mobile-Workstation/dp/B08CK4PJ59/ref=sr_1_73?dchild=1&keywords=laptop&qid=1594213292&sr=8-73  doesn't return content for table2
2020-07-10 16:01:26,617 - Logging - WARNING - https://www.amazon.com/Lenovo-ThinkPad-P43s-Mobile-Workstation/dp/B08CK4PJ59/ref=sr_1_73?dchild=1&keywords=laptop&qid=1594213292&sr=8-73  doesn't return content for table3
2020-07-10 16:01:27,312 - Logging - WARNING - https://www.amazon.com/Dell-XPS-13-9300-Touchscreen/dp/B08CK9158N/ref=sr_1_74?dchild=1&keywords=laptop&qid=1594213292&sr=8-74  doesn't return content for table2
2020-07-10 16:01:27,312 - Logging - WARNING - https://www.amazon.com/Dell-XPS-13-9300-Touchscreen/dp/B08CK9158N/ref=sr_1_74?dchild=1&keywords=laptop&qid=1594213292&sr=8-74  doesn't return content for table3
2020-07-10 16:01:27,579 - Logging - WARNING - https://www.amazon.com/Dell-Latitude-5500-1920x1080-Non-Touch/dp/B08CF3J5XT/ref=sr_1_75?dchild=1&keywords=laptop&qid=1594213292&sr=8-75  doesn't return content for table2
2020-07-10 16:01:27,579 - Logging - WARNING - https://www.amazon.com/Dell-Latitude-5500-1920x1080-Non-Touch/dp/B08CF3J5XT/ref=sr_1_75?dchild=1&keywords=laptop&qid=1594213292&sr=8-75  doesn't return content for table3
2020-07-10 16:01:28,086 - Logging - WARNING - https://www.amazon.com/Dell-Latitude-7200-Touchscreen-i7-8665U/dp/B08CF3761M/ref=sr_1_76?dchild=1&keywords=laptop&qid=1594213292&sr=8-76  doesn't return content for table2
2020-07-10 16:01:28,086 - Logging - WARNING - https://www.amazon.com/Dell-Latitude-7200-Touchscreen-i7-8665U/dp/B08CF3761M/ref=sr_1_76?dchild=1&keywords=laptop&qid=1594213292&sr=8-76  doesn't return content for table3
2020-07-10 16:01:28,821 - Logging - WARNING - https://www.amazon.com/Dell-Latitude-7300-Non-Touch-i5-8265U/dp/B08CF33Q8X/ref=sr_1_77?dchild=1&keywords=laptop&qid=1594213292&sr=8-77  doesn't return content for table2
2020-07-10 16:01:28,838 - Logging - WARNING - https://www.amazon.com/Dell-Latitude-7300-Non-Touch-i5-8265U/dp/B08CF33Q8X/ref=sr_1_77?dchild=1&keywords=laptop&qid=1594213292&sr=8-77  doesn't return content for table3
2020-07-10 16:01:29,110 - Logging - WARNING - https://www.amazon.com/Notebook-Enthusiast-i5-10210U-Professional-Computer/dp/B0881BWNXW/ref=sr_1_78?dchild=1&keywords=laptop&qid=1594213292&sr=8-78  doesn't return content for table2
2020-07-10 16:01:29,110 - Logging - WARNING - https://www.amazon.com/Notebook-Enthusiast-i5-10210U-Professional-Computer/dp/B0881BWNXW/ref=sr_1_78?dchild=1&keywords=laptop&qid=1594213292&sr=8-78  doesn't return content for table3
2020-07-10 16:01:29,369 - Logging - WARNING - https://www.amazon.com/Modern-A10M-882-i5-10210U-Windows-Professional/dp/B0881C4F5M/ref=sr_1_79?dchild=1&keywords=laptop&qid=1594213292&sr=8-79  doesn't return content for table2
2020-07-10 16:01:29,373 - Logging - WARNING - https://www.amazon.com/Modern-A10M-882-i5-10210U-Windows-Professional/dp/B0881C4F5M/ref=sr_1_79?dchild=1&keywords=laptop&qid=1594213292&sr=8-79  doesn't return content for table3
2020-07-10 16:01:29,619 - Logging - WARNING - https://www.amazon.com/A10RAS-884-Extreme-i5-10210U-Windows-Professional/dp/B0881BSXKP/ref=sr_1_80?dchild=1&keywords=laptop&qid=1594213292&sr=8-80  doesn't return content for table2
2020-07-10 16:01:29,623 - Logging - WARNING - https://www.amazon.com/A10RAS-884-Extreme-i5-10210U-Windows-Professional/dp/B0881BSXKP/ref=sr_1_80?dchild=1&keywords=laptop&qid=1594213292&sr=8-80  doesn't return content for table3
2020-07-10 16:08:49,474 - Logging - INFO - Table laptop: added -> HP EliteBook 840 G6 14" FHD (1920x1080) IPS Business Laptop (Intel Quad Core i7-8565U, 32GB DDR4 RAM, 1TB SSD, AMD Radeon 550X 4GB GDDR5) Wi-Fi 6, Thunderbolt 3, Windows 10 Pro + IST 500GB (Renewed)
2020-07-10 16:08:49,488 - Logging - INFO - Table laptop: added -> Dell Precision M6800 17.3 Inch Workstation Laptop, Intel Quad Core i7-4800MQ up to 3.7GHz, 16G DDR3,512G SSD, DVD, VGA, HDMI, DP, Win 10 Pro 64 Bit Multi-Language Support En/Fr/Sp(Renewed)
2020-07-10 16:08:49,499 - Logging - INFO - Table laptop: added -> Razer Blade 15 2020 Premium Gaming Laptop I 15.6" FHD 144Hz I Intel 6-Core i7-9750H I 64GB DDR4 1TB PCIe SSD 2TB HDD I NVIDIA GTX 1660 Ti Thunderbolt 3 Backlit KB Win 10 + Delca 16GB Micro SD Card
2020-07-10 16:08:49,511 - Logging - INFO - Table laptop: added -> MSI Modern 15 A10M-262 (i5-10210U, 8GB RAM, 512GB NVMe SSD, 15.6" Full HD, Windows 10 Pro) Creative Professional Laptop
2020-07-10 16:08:49,524 - Logging - INFO - Table laptop: added -> MSI Modern 15 A10M-261 (i7-10510U, 16GB RAM, 1TB NVMe SSD, 15.6" Full HD, Windows 10 Pro) Creative Professional Laptop
2020-07-10 16:08:49,538 - Logging - INFO - Table laptop: added -> Acer Predator Helios 300 Gaming Laptop 144Hz 15.6” FHD Computer, GeForce GTX 1660 Ti, 9th Gen Intel Core i7-9750H (up to 4.50 GHz), 16GB RAM, 512GB SSD, HDMI, Backlit Keyboard, Win 10
2020-07-10 16:08:49,553 - Logging - INFO - Table laptop: added -> 2020 Newest HP Pavilion x360 2-in-1 Convertible 14" HD Touch-Screen Laptop, 10th Gen Intel Core i3-1005G1(Up to 3.4GHz, Beat i5-7200U), 8GB RAM, 128GB SSD, Webcam, WiFi, HDMI, Win10, w/GM Accessories
2020-07-10 16:08:49,567 - Logging - INFO - Table laptop: added -> HP Pavilion 15.6'' Touchscreen HD WLED-Backlit Display Laptop, AMD Ryzen 3 2200U 2.5GHz Processor, AMD Radeon Vega 3 Graphics, 8GB DDR4 RAM, 1TB HDD, HDMI, Bluetooth,Win 10
2020-07-10 16:08:49,579 - Logging - INFO - Table laptop: added -> Dell Alienware M17 R2 Laptop, 17.3" FHD (1920 x 1080) Non-Touch, Intel Core 9th Gen i5-9300H, 8GB RAM, 256GB SSD, NVIDIA GeForce GTX 1660 Ti, Windows 10 (Renewed)
2020-07-10 16:08:49,592 - Logging - INFO - Table laptop: added -> 2020_Dell Vostro 14" 5490 Anti-Glare LED Backlight Display Laptop, 10th Generation Intel Core i7-10510U Processor, 16GB RAM, 256GB SSD, NVIDIA_GeForce_MX250 Window 10 Pro, Backlight Keyboard
2020-07-10 16:08:49,606 - Logging - INFO - Table laptop: added -> HP 17 2020 Premium Laptop Computer I 17.3" HD+ SVA BrightView WLED Display I AMD Core A9-9425 3.1GHz I 32GB DDR4 512GB SSD I AMD Radeon R5 Graphics DVD WiFi Webcam Win 10 + Delca 16GB Micro SD Card
2020-07-10 16:08:49,619 - Logging - INFO - Table laptop: added -> OMEN New 15 Gaming Laptop, 15.6" Full HD, Intel Core i7-10750H, NVIDIA GeForce RTX 2070 with Max-Q (8 GB), 16 GB DDR4 RAM, 1TB 7200 RPM SATA Hard Drive and 512 GB SSD Storage, RGB Keyboard
2020-07-10 16:08:49,632 - Logging - INFO - Table laptop: added -> 2020 Newest Lenovo Premium IdeaPad Gaming 3i Laptop PC: 15.6" FHD Display, 10th Gen Intel 4-Core i5, 32GB RAM, 1TB SSD, WiFi, Bluetooth, Backlit-KB, NVIDIA GeForce GTX1650Ti, Windows 10, June MP
2020-07-10 16:08:49,647 - Logging - INFO - Table laptop: added -> Lenovo Legion Y740 Gaming Laptop, 17.3" FHD (1920 x 1080) 144Hz G-Sync, 9th Gen Intel Core i7-9750H, 16GB RAM, 512GB SSD, NVIDIA GeForce RTX 2070 with Max-Q, Windows 10
2020-07-10 16:08:49,661 - Logging - INFO - Table laptop: added -> Lenovo ThinkPad X1 Yoga 4th Gen Business Laptop, 14" FHD (1920x1080) Touchscreen, 10th Gen Intel Core i7-10510U, 8GB RAM, 256GB SSD, Fingerprint Reader, Windows 10 Pro (Renewed)
2020-07-10 16:08:49,675 - Logging - INFO - Table laptop: added -> Lenovo Yoga C940 2-in-1 Laptop, 14.0" FHD (1920 x 1080) Touchscreen, 10th Gen Intel Core i7-1065G7, 16GB LPRAMX Ram, 512 GB SSD, Windows 10 (Renewed)
2020-07-10 16:08:57,778 - Logging - INFO - Table laptop: added -> Lenovo Yoga C940 2-in-1 Laptop, 14" Full HD ( 1920 x 1080 ) Touchscreen, 10th Gen Intel Core i5-1035G4, 8GB Soldered LPRAMX, 256 GB SSD, Windows 10 (Renewed)
2020-07-10 16:08:57,790 - Logging - INFO - Table laptop: added -> Lenovo Flex 6 2-in-1 Laptop, 14" FHD (1920 x 1080) Touchscreen, Intel Core 8th Gen i7-8550U, 8GB RAM, 256GB SSD, NVIDIA GeForce MX130, Windows 10 (Renewed)
2020-07-10 16:08:57,802 - Logging - INFO - Table laptop: added -> Lenovo ThinkPad P71 Workstation Laptop - Windows 10 Pro - Intel i7-7820HQ, 64GB RAM, 500GB SSD, 17.3" FHD IPS 1920x1080 Display, NVIDIA Quadro M620 2GB, 4G LTE WWAN
2020-07-10 16:08:57,814 - Logging - INFO - Table laptop: added -> Lenovo ThinkPad P71 Workstation Laptop - Windows 10 Pro - Intel Xeon E3-1535M, 16GB RAM, 2TB SSD, 17.3" FHD IPS 1920x1080 Display, NVIDIA Quadro P3000 6GB, 4G LTE WWAN
2020-07-10 16:08:57,828 - Logging - INFO - Table laptop: added -> Lenovo ThinkPad P71 Workstation Laptop - Windows 10 Pro - Intel Xeon E3-1535M, 16GB ECC RAM, 1TB SSD, 17.3" FHD IPS 1920x1080 Display, NVIDIA Quadro P3000 6GB, 4G LTE WWAN
2020-07-10 16:08:57,841 - Logging - INFO - Table laptop: added -> HP ProBook 440 G6 Laptop, 14" HD Display, Intel Core i3-8145U Upto 3.9GHz, 8GB RAM, 128GB NVMe SSD, HDMI, DisplayPort via USB-C, Card Reader, Wi-Fi, Bluetooth, Windows 10 Pro
2020-07-10 16:08:57,857 - Logging - INFO - Table laptop: added -> Lenovo ThinkPad T490 Laptop 14” 1920x1080, Intel Quad Core i7, 16GB RAM, 512GB SSD NVMe, Windows 10 Pro (Renewed)
2020-07-10 16:08:57,872 - Logging - INFO - Table laptop: added -> Microsoft Surface Laptop 3 – 13.5" Touch-Screen – Intel Core i5 - 8GB Memory - 256GB Solid State Drive (Latest Model) – Cobalt Blue with Alcantara (Renewed)
2020-07-10 16:08:57,887 - Logging - INFO - Table laptop: added -> Lenovo ThinkPad L440 14.1 Inch Business Laptop, Intel Core i3-4100M 2.5GHz, 8G DDR3L, 256G SSD, DVD, WiFi, VGA, MDP, Win 10 Pro 64 Bit Multi-Language Support English/French/Spanish(Renewed)
2020-07-10 16:08:57,903 - Logging - INFO - Table laptop: added -> Lenovo ThinkPad T440P 14 Inch Business Laptop, Intel Core i5-4300M up to 3.3GHz, 4G DDR3L, 128G SSD, DVD, WiFi, VGA, MDP, Win 10 Pro 64 Bit Multi-Language Support English/French/Spanish(Renewed)
2020-07-10 16:08:57,918 - Logging - INFO - Table laptop: added -> Dell Latitude E6540 15.6 Inch Business Laptop, Intel Core i5-4200M up to 3.1GHz, 8G DDR3L, 256G SSD, DVDRW, WiFi, VGA, HDMI, Win 10 Pro 64 Bit Multi-Language Support English/French/Spanish(Renewed)
2020-07-10 16:08:57,934 - Logging - INFO - Table laptop: added -> Lenovo ThinkPad T440P 14 Inch Business Laptop, Intel Core i5-4300M up to 3.3GHz, 8G DDR3L, 512G SSD, DVD, WiFi, VGA, MDP, Win 10 Pro 64 Bit Multi-Language Support English/French/Spanish(Renewed)
2020-07-10 16:08:57,948 - Logging - INFO - Table laptop: added -> HP EliteBook 745 G2 14 Inch Business Laptop, AMD Quad A8 Pro-7150B up to 3.2GHz, 8G DDR3L, 500G, WiFi, VGA, DP, Win 10 Pro 64 Bit Multi-Language Support English/French/Spanish(Renewed)
2020-07-10 16:08:57,963 - Logging - INFO - Table laptop: added -> Lenovo ThinkPad L440 14.1 Inch Business Laptop, Intel Core i3-4100M 2.5GHz, 4G DDR3L, 128G SSD, DVD, WiFi, VGA, MDP, Win 10 Pro 64 Bit Multi-Language Support English/French/Spanish(Renewed)
2020-07-10 16:08:57,979 - Logging - INFO - Table laptop: added -> Lenovo ThinkPad T440P 14 Inch Business Laptop, Intel Core i5-4300M up to 3.3GHz, 4G DDR3L, 500G, DVD, WiFi, VGA, MDP, Win 10 Pro 64 Bit Multi-Language Support English/French/Spanish(Renewed)
2020-07-10 16:08:57,994 - Logging - INFO - Table laptop: added -> Lenovo ThinkPad L440 14.1 Inch Business Laptop, Intel Core i3-4100M 2.5GHz, 4G DDR3L, 256G SSD, DVD, WiFi, VGA, MDP, Win 10 Pro 64 Bit Multi-Language Support English/French/Spanish(Renewed)
2020-07-10 16:09:21,937 - Logging - WARNING - https://www.amazon.com/dp/B08CRSZ1MK/ref=sr_1_1?dchild=1&keywords=laptop&qid=1594213292&sr=8-1  doesn't return content for table2
2020-07-10 16:09:21,942 - Logging - WARNING - https://www.amazon.com/dp/B08CRSZ1MK/ref=sr_1_1?dchild=1&keywords=laptop&qid=1594213292&sr=8-1  doesn't return content for table3
2020-07-10 16:09:22,481 - Logging - WARNING - https://www.amazon.com/Precision-M6800/dp/B07H9N9123/ref=sr_1_2?dchild=1&keywords=laptop&qid=1594213292&sr=8-2  doesn't return content for table2
2020-07-10 16:09:22,482 - Logging - WARNING - https://www.amazon.com/Precision-M6800/dp/B07H9N9123/ref=sr_1_2?dchild=1&keywords=laptop&qid=1594213292&sr=8-2  doesn't return content for table3
2020-07-10 16:09:22,739 - Logging - WARNING - https://www.amazon.com/dp/B08CRHQ977/ref=sr_1_3?dchild=1&keywords=laptop&qid=1594213292&sr=8-3  doesn't return content for table2
2020-07-10 16:09:22,740 - Logging - WARNING - https://www.amazon.com/dp/B08CRHQ977/ref=sr_1_3?dchild=1&keywords=laptop&qid=1594213292&sr=8-3  doesn't return content for table3
2020-07-10 16:09:23,018 - Logging - WARNING - https://www.amazon.com/dp/B08CRPT9YW/ref=sr_1_4?dchild=1&keywords=laptop&qid=1594213292&sr=8-4  doesn't return content for table2
2020-07-10 16:09:23,019 - Logging - WARNING - https://www.amazon.com/dp/B08CRPT9YW/ref=sr_1_4?dchild=1&keywords=laptop&qid=1594213292&sr=8-4  doesn't return content for table3
2020-07-10 16:09:23,325 - Logging - WARNING - https://www.amazon.com/dp/B08CRL3W73/ref=sr_1_5?dchild=1&keywords=laptop&qid=1594213292&sr=8-5  doesn't return content for table2
2020-07-10 16:09:23,325 - Logging - WARNING - https://www.amazon.com/dp/B08CRL3W73/ref=sr_1_5?dchild=1&keywords=laptop&qid=1594213292&sr=8-5  doesn't return content for table3
2020-07-10 16:09:23,636 - Logging - WARNING - https://www.amazon.com/dp/B08CRMM689/ref=sr_1_6?dchild=1&keywords=laptop&qid=1594213292&sr=8-6  doesn't return content for table2
2020-07-10 16:09:23,637 - Logging - WARNING - https://www.amazon.com/dp/B08CRMM689/ref=sr_1_6?dchild=1&keywords=laptop&qid=1594213292&sr=8-6  doesn't return content for table3
2020-07-10 16:09:23,885 - Logging - WARNING - https://www.amazon.com/dp/B08CRD9ZX1/ref=sr_1_7?dchild=1&keywords=laptop&qid=1594213292&sr=8-7  doesn't return content for table2
2020-07-10 16:09:23,885 - Logging - WARNING - https://www.amazon.com/dp/B08CRD9ZX1/ref=sr_1_7?dchild=1&keywords=laptop&qid=1594213292&sr=8-7  doesn't return content for table3
2020-07-10 16:09:24,124 - Logging - WARNING - https://www.amazon.com/HP-Pavilion-Touchscreen-WLED-Backlit-Processor/dp/B089GJMZSX/ref=sr_1_8?dchild=1&keywords=laptop&qid=1594213292&sr=8-8  doesn't return content for table2
2020-07-10 16:09:24,124 - Logging - WARNING - https://www.amazon.com/HP-Pavilion-Touchscreen-WLED-Backlit-Processor/dp/B089GJMZSX/ref=sr_1_8?dchild=1&keywords=laptop&qid=1594213292&sr=8-8  doesn't return content for table3
2020-07-10 16:09:24,615 - Logging - WARNING - https://www.amazon.com/Dell-Alienware-M17-R2-Non-Touch/dp/B08CF3B3DS/ref=sr_1_9?dchild=1&keywords=laptop&qid=1594213292&sr=8-9  doesn't return content for table2
2020-07-10 16:09:24,631 - Logging - WARNING - https://www.amazon.com/Dell-Alienware-M17-R2-Non-Touch/dp/B08CF3B3DS/ref=sr_1_9?dchild=1&keywords=laptop&qid=1594213292&sr=8-9  doesn't return content for table3
2020-07-10 16:09:25,261 - Logging - WARNING - https://www.amazon.com/2020_Dell-Vostro-Anti-Glare-Generation-NVIDIA_GeForce_MX250/dp/B08BK6W6JQ/ref=sr_1_10?dchild=1&keywords=laptop&qid=1594213292&sr=8-10  doesn't return content for table2
2020-07-10 16:09:25,277 - Logging - WARNING - https://www.amazon.com/2020_Dell-Vostro-Anti-Glare-Generation-NVIDIA_GeForce_MX250/dp/B08BK6W6JQ/ref=sr_1_10?dchild=1&keywords=laptop&qid=1594213292&sr=8-10  doesn't return content for table3
2020-07-10 16:09:28,915 - Logging - WARNING - https://www.amazon.com/dp/B08CRNKGCD/ref=sr_1_11?dchild=1&keywords=laptop&qid=1594213292&sr=8-11  doesn't return content for table2
2020-07-10 16:09:28,916 - Logging - WARNING - https://www.amazon.com/dp/B08CRNKGCD/ref=sr_1_11?dchild=1&keywords=laptop&qid=1594213292&sr=8-11  doesn't return content for table3
2020-07-10 16:09:29,423 - Logging - WARNING - https://www.amazon.com/Gaming-i7-10750H-GeForce-Storage-Keyboard/dp/B08CMJ65Z8/ref=sr_1_12?dchild=1&keywords=laptop&qid=1594213292&sr=8-12  doesn't return content for table2
2020-07-10 16:09:29,424 - Logging - WARNING - https://www.amazon.com/Gaming-i7-10750H-GeForce-Storage-Keyboard/dp/B08CMJ65Z8/ref=sr_1_12?dchild=1&keywords=laptop&qid=1594213292&sr=8-12  doesn't return content for table3
2020-07-10 16:09:29,673 - Logging - WARNING - https://www.amazon.com/dp/B08CR563MH/ref=sr_1_13?dchild=1&keywords=laptop&qid=1594213292&sr=8-13  doesn't return content for table2
2020-07-10 16:09:29,673 - Logging - WARNING - https://www.amazon.com/dp/B08CR563MH/ref=sr_1_13?dchild=1&keywords=laptop&qid=1594213292&sr=8-13  doesn't return content for table3
2020-07-10 16:09:31,330 - Logging - WARNING - https://www.amazon.com/Lenovo-Legion-Y740-Gaming-i7-9750H/dp/B08CNLSBCR/ref=sr_1_14?dchild=1&keywords=laptop&qid=1594213292&sr=8-14  doesn't return content for table2
2020-07-10 16:09:31,352 - Logging - WARNING - https://www.amazon.com/Lenovo-Legion-Y740-Gaming-i7-9750H/dp/B08CNLSBCR/ref=sr_1_14?dchild=1&keywords=laptop&qid=1594213292&sr=8-14  doesn't return content for table3
2020-07-10 16:09:31,599 - Logging - WARNING - https://www.amazon.com/Lenovo-ThinkPad-Yoga-4th-Gen/dp/B08CNL7SWK/ref=sr_1_15?dchild=1&keywords=laptop&qid=1594213292&sr=8-15  doesn't return content for table2
2020-07-10 16:09:31,603 - Logging - WARNING - https://www.amazon.com/Lenovo-ThinkPad-Yoga-4th-Gen/dp/B08CNL7SWK/ref=sr_1_15?dchild=1&keywords=laptop&qid=1594213292&sr=8-15  doesn't return content for table3
2020-07-10 16:09:32,362 - Logging - WARNING - https://www.amazon.com/Lenovo-Yoga-C940-Touchscreen-i7-1065G7/dp/B08CNKPVS8/ref=sr_1_16?dchild=1&keywords=laptop&qid=1594213292&sr=8-16  doesn't return content for table2
2020-07-10 16:09:32,363 - Logging - WARNING - https://www.amazon.com/Lenovo-Yoga-C940-Touchscreen-i7-1065G7/dp/B08CNKPVS8/ref=sr_1_16?dchild=1&keywords=laptop&qid=1594213292&sr=8-16  doesn't return content for table3
2020-07-10 16:09:32,621 - Logging - WARNING - https://www.amazon.com/Lenovo-Yoga-C940-Touchscreen-i5-1035G4/dp/B08C5L973Y/ref=sr_1_257?dchild=1&keywords=laptop&qid=1594213292&sr=8-257  doesn't return content for table2
2020-07-10 16:09:32,622 - Logging - WARNING - https://www.amazon.com/Lenovo-Yoga-C940-Touchscreen-i5-1035G4/dp/B08C5L973Y/ref=sr_1_257?dchild=1&keywords=laptop&qid=1594213292&sr=8-257  doesn't return content for table3
2020-07-10 16:09:33,170 - Logging - WARNING - https://www.amazon.com/Lenovo-Flex-Touchscreen-i7-8550U-GeForce/dp/B08C5KQF2G/ref=sr_1_258?dchild=1&keywords=laptop&qid=1594213292&sr=8-258  doesn't return content for table2
2020-07-10 16:09:33,170 - Logging - WARNING - https://www.amazon.com/Lenovo-Flex-Touchscreen-i7-8550U-GeForce/dp/B08C5KQF2G/ref=sr_1_258?dchild=1&keywords=laptop&qid=1594213292&sr=8-258  doesn't return content for table3
2020-07-10 16:09:33,436 - Logging - WARNING - https://www.amazon.com/Lenovo-ThinkPad-P71-Workstation-Laptop/dp/B08C5L7HP7/ref=sr_1_259?dchild=1&keywords=laptop&qid=1594213292&sr=8-259  doesn't return content for table2
2020-07-10 16:09:33,438 - Logging - WARNING - https://www.amazon.com/Lenovo-ThinkPad-P71-Workstation-Laptop/dp/B08C5L7HP7/ref=sr_1_259?dchild=1&keywords=laptop&qid=1594213292&sr=8-259  doesn't return content for table3
2020-07-10 16:09:33,688 - Logging - WARNING - https://www.amazon.com/Lenovo-ThinkPad-P71-Workstation-Laptop/dp/B08C5KY4MW/ref=sr_1_260?dchild=1&keywords=laptop&qid=1594213292&sr=8-260  doesn't return content for table2
2020-07-10 16:09:33,690 - Logging - WARNING - https://www.amazon.com/Lenovo-ThinkPad-P71-Workstation-Laptop/dp/B08C5KY4MW/ref=sr_1_260?dchild=1&keywords=laptop&qid=1594213292&sr=8-260  doesn't return content for table3
2020-07-10 16:09:36,385 - Logging - WARNING - https://www.amazon.com/Lenovo-ThinkPad-P71-Workstation-Laptop/dp/B08C5KXFZK/ref=sr_1_261?dchild=1&keywords=laptop&qid=1594213292&sr=8-261  doesn't return content for table2
2020-07-10 16:09:36,411 - Logging - WARNING - https://www.amazon.com/Lenovo-ThinkPad-P71-Workstation-Laptop/dp/B08C5KXFZK/ref=sr_1_261?dchild=1&keywords=laptop&qid=1594213292&sr=8-261  doesn't return content for table3
2020-07-10 16:09:36,661 - Logging - WARNING - https://www.amazon.com/HP-440-G6-DisplayPort-Bluetooth/dp/B08C5LJV24/ref=sr_1_262?dchild=1&keywords=laptop&qid=1594213292&sr=8-262  doesn't return content for table2
2020-07-10 16:09:36,666 - Logging - WARNING - https://www.amazon.com/HP-440-G6-DisplayPort-Bluetooth/dp/B08C5LJV24/ref=sr_1_262?dchild=1&keywords=laptop&qid=1594213292&sr=8-262  doesn't return content for table3
2020-07-10 16:09:39,314 - Logging - INFO - Table features laptop: added -> 39
2020-07-10 16:09:42,341 - Logging - WARNING - https://www.amazon.com/NUEVO-port%C3%A1til-Microsoft-Surface-pulgadas/dp/B08C5LHJLZ/ref=sr_1_264?dchild=1&keywords=laptop&qid=1594213292&sr=8-264  doesn't return content for table2
2020-07-10 16:09:42,360 - Logging - WARNING - https://www.amazon.com/NUEVO-port%C3%A1til-Microsoft-Surface-pulgadas/dp/B08C5LHJLZ/ref=sr_1_264?dchild=1&keywords=laptop&qid=1594213292&sr=8-264  doesn't return content for table3
2020-07-10 16:09:42,858 - Logging - WARNING - https://www.amazon.com/Lenovo-ThinkPad-L440-Business-Multi-Language/dp/B08C5L2VHN/ref=sr_1_265?dchild=1&keywords=laptop&qid=1594213292&sr=8-265  doesn't return content for table2
2020-07-10 16:09:42,858 - Logging - WARNING - https://www.amazon.com/Lenovo-ThinkPad-L440-Business-Multi-Language/dp/B08C5L2VHN/ref=sr_1_265?dchild=1&keywords=laptop&qid=1594213292&sr=8-265  doesn't return content for table3
2020-07-10 16:09:43,152 - Logging - WARNING - https://www.amazon.com/Lenovo-ThinkPad-Business-i5-4300M-Multi-Language/dp/B07HRLS5WF/ref=sr_1_266?dchild=1&keywords=laptop&qid=1594213292&sr=8-266  doesn't return content for table2
2020-07-10 16:09:43,155 - Logging - WARNING - https://www.amazon.com/Lenovo-ThinkPad-Business-i5-4300M-Multi-Language/dp/B07HRLS5WF/ref=sr_1_266?dchild=1&keywords=laptop&qid=1594213292&sr=8-266  doesn't return content for table3
2020-07-10 16:09:43,418 - Logging - WARNING - https://www.amazon.com/Dell-Latitude-E6540-Business-Multi-Language/dp/B08C5K2R74/ref=sr_1_267?dchild=1&keywords=laptop&qid=1594213292&sr=8-267  doesn't return content for table2
2020-07-10 16:09:43,424 - Logging - WARNING - https://www.amazon.com/Dell-Latitude-E6540-Business-Multi-Language/dp/B08C5K2R74/ref=sr_1_267?dchild=1&keywords=laptop&qid=1594213292&sr=8-267  doesn't return content for table3
2020-07-10 16:09:44,169 - Logging - WARNING - https://www.amazon.com/Lenovo-ThinkPad-Business-i5-4300M-Multi-Language/dp/B07HFW1F47/ref=sr_1_268?dchild=1&keywords=laptop&qid=1594213292&sr=8-268  doesn't return content for table2
2020-07-10 16:09:44,174 - Logging - WARNING - https://www.amazon.com/Lenovo-ThinkPad-Business-i5-4300M-Multi-Language/dp/B07HFW1F47/ref=sr_1_268?dchild=1&keywords=laptop&qid=1594213292&sr=8-268  doesn't return content for table3
2020-07-10 16:09:44,448 - Logging - WARNING - https://www.amazon.com/HP-EliteBook-745-G2-Multi-Language/dp/B08BLXWRXP/ref=sr_1_269?dchild=1&keywords=laptop&qid=1594213292&sr=8-269  doesn't return content for table2
2020-07-10 16:09:44,448 - Logging - WARNING - https://www.amazon.com/HP-EliteBook-745-G2-Multi-Language/dp/B08BLXWRXP/ref=sr_1_269?dchild=1&keywords=laptop&qid=1594213292&sr=8-269  doesn't return content for table3
2020-07-10 16:09:44,752 - Logging - WARNING - https://www.amazon.com/Lenovo-ThinkPad-L440-Business-Multi-Language/dp/B08C5KPPBD/ref=sr_1_270?dchild=1&keywords=laptop&qid=1594213292&sr=8-270  doesn't return content for table2
2020-07-10 16:09:44,752 - Logging - WARNING - https://www.amazon.com/Lenovo-ThinkPad-L440-Business-Multi-Language/dp/B08C5KPPBD/ref=sr_1_270?dchild=1&keywords=laptop&qid=1594213292&sr=8-270  doesn't return content for table3
2020-07-10 16:09:45,079 - Logging - WARNING - https://www.amazon.com/Lenovo-ThinkPad-T440P-Business-Multi-Language/dp/B07HFM1PV7/ref=sr_1_271?dchild=1&keywords=laptop&qid=1594213292&sr=8-271  doesn't return content for table2
2020-07-10 16:09:45,096 - Logging - WARNING - https://www.amazon.com/Lenovo-ThinkPad-T440P-Business-Multi-Language/dp/B07HFM1PV7/ref=sr_1_271?dchild=1&keywords=laptop&qid=1594213292&sr=8-271  doesn't return content for table3
2020-07-10 16:09:45,734 - Logging - WARNING - https://www.amazon.com/ThinkPad-L440/dp/B08C5KB19H/ref=sr_1_272?dchild=1&keywords=laptop&qid=1594213292&sr=8-272  doesn't return content for table2
2020-07-10 16:09:45,734 - Logging - WARNING - https://www.amazon.com/ThinkPad-L440/dp/B08C5KB19H/ref=sr_1_272?dchild=1&keywords=laptop&qid=1594213292&sr=8-272  doesn't return content for table3
2020-07-10 16:28:47,971 - Logging - INFO - Table laptop: added -> HP 17-by1022cl 17.3" Laptop Computer - Gray Intel Core i5-8265U Processor 1.6GHz; 8GB DDR4-2400 RAM; 16GB Intel Optane Memory; 1TB Hard Drive
2020-07-10 16:28:47,996 - Logging - INFO - Table laptop: added -> Sager NP7958F1 15.6-Inch FHD 144Hz, 72% NTSC Gaming Laptop, AMD Ryzen 9 3900, RTX 2070 8GB, 16GB 3200 RAM, 1TB NVMe SSD, Windows 10
2020-07-10 16:28:48,014 - Logging - INFO - Table laptop: added -> Dell Inspiron 7000 2-in-1 17.3" FHD Touchscreen Laptop, 10th Gen Intel Core i7-10510U, 32GB RAM, 512GB PCIe SSD by 32GB Optane, RGB Backlit Keyboard, Fingerprint Reader, Windows 10
2020-07-10 16:28:48,037 - Logging - INFO - Table laptop: added -> Sager NP7877DW 17.3-Inch Thin Bezel FHD 144Hz Gaming Laptop, Intel i7-10875H, RTX 2060 6GB, 32GB RAM, 500GB NVMe SSD + 1TB HDD
2020-07-10 16:28:48,063 - Logging - INFO - Table laptop: added -> HP 11.6inch HD Touchscreen Laptop, Intel Dual-Core i3-4010U, 4GB RAM, 320GB HDD, Intel HD Graphics, WiFi, Bluetooth, Windows 10 Professional (Renewed) (Silver/i3/320GB)
2020-07-10 16:28:48,087 - Logging - INFO - Table laptop: added -> 2020 Lenovo IdeaPad 3 15.6" HD Laptop Computer, Intel Core i3-1005G1 Processor, 20GB RAM, 2TB PCIe SSD, Intel UHD Graphics, Dolby Audio, HDMI, Windows 10S, Abyss Blue, 32GB Snow Bell USB Card
2020-07-10 16:28:48,103 - Logging - INFO - Table laptop: added -> 2020 HP Pavilion 14" HD LED Laptop Computer, AMD Athlon Silver 3050U Processor, 16GB RAM, 512GB SSD, AMD Radeon Graphics, USB-C, Stereo Speakers, Webcam, Win 10, Black, 32GB Snow Bell USB Card
2020-07-10 16:28:48,118 - Logging - INFO - Table laptop: added -> Dell Latitude E7270 Laptop, 12.5" FHD Display, Intel Core i5-6200U Upto 2.8GHz, 8GB RAM, 512GB SSD, HDMI, Mini DisplayPort, Card Reader, Wi-Fi, Bluetooth, Windows 10 Pro (Renewed)
2020-07-10 16:28:48,131 - Logging - INFO - Table laptop: added -> Dell Inspiron 7000 2-in-1 17.3" FHD Touchscreen Laptop, 10th Gen Intel Core i7-10510U, 16GB RAM, 512GB PCIe SSD by 32GB Optane, RGB Backlit Keyboard, Fingerprint Reader, Windows 10
2020-07-10 16:28:48,144 - Logging - INFO - Table laptop: added -> Dell Inspiron 7000 2-in-1 17.3" FHD Touchscreen Laptop, 10th Gen Intel Core i7-10510U, 16GB RAM, 512GB PCIe SSD by 32GB Optane Boot + 2TB HDD, RGB Backlit Keyboard, Fingerprint Reader, Windows 10
2020-07-10 16:28:48,157 - Logging - INFO - Table laptop: added -> Dell Inspiron 7000 2-in-1 17.3" FHD Touchscreen Laptop, 10th Gen Intel Core i7-10510U, 16GB RAM, 512GB PCIe SSD by 32GB Optane Boot + 1TB HDD, RGB Backlit Keyboard, Fingerprint Reader, Windows 10
2020-07-10 16:28:48,168 - Logging - INFO - Table laptop: added -> Dell Inspiron 7000 2-in-1 17.3" FHD Touchscreen Laptop, 10th Gen Intel Core i7-10510U, 32GB RAM, 512GB PCIe SSD by 32GB Optane Boot + 1TB HDD, RGB Backlit Keyboard, Fingerprint Reader, Windows 10
2020-07-10 16:28:48,180 - Logging - INFO - Table laptop: added -> Dell Latitude E7270 Laptop, 14" HD Display, Intel Core i5-6300U Upto 3.0GHz, 8GB RAM, 256GB SSD, HDMI, VGA, Card Reader, Wi-Fi, Bluetooth, Windows 10 Pro (Renewed)
2020-07-10 16:28:48,189 - Logging - INFO - Table laptop: added -> HP Envy x360 2-in-1 Laptop, 15.6" FHD Touch Display, AMD Ryzen 5 4500U Upto 4.0GHz, 32GB RAM, 1TB NVMe SSD, HDMI, Card Reader, Wi-Fi, Bluetooth, Windows 10 Pro
2020-07-10 16:28:48,200 - Logging - INFO - Table laptop: added -> Dell Inspiron 14in Touchscreen 5000 Series 2-in-1 Laptop: i3-8145U 2.1Ghz, 1TB HDD, 4GB RAM (Renewed)
2020-07-10 16:28:48,210 - Logging - INFO - Table laptop: added -> ASUS VivoBook 17.3" FHD IPS LED Backlight Premium Laptop Bundle Woov Accessory | AMD Ryzen 7-3700U | 12GB DDR4 RAM | 1TB SSD | USB Type-C | WiFi | HDMI | Windows 10
2020-07-10 16:28:54,983 - Logging - INFO - Table laptop: added -> Dell G3 15 15.6" FHD (1920x1080) 220nits Anti-Glare Gaming Laptop, Intel Core i5-10300H up to 4.5GHz, 16GB RAM, 1TB NVme SSD, NVIDIA GTX 1650 (4GB GDDR6), HDMI, Backlit Keyboard, Windows 10
2020-07-10 16:28:54,994 - Logging - INFO - Table laptop: added -> ASUS VivoBook S13 Thin and Light Laptop, 13.3” FHD Display, Intel Core i5-1035G1 CPU, 8GB LPDDR4X RAM, 512GB PCIe SSD, Windows 10 Home, Fingerprint Reader, Dreamy White, S333JA-DS51-WH
2020-07-10 16:28:55,005 - Logging - INFO - Table laptop: added -> Dell Inspiron 7000 13.3" FHD 2 in 1 Touch-Screen Laptop, Intel Core i5-10210U, 8GB RAM, 512GB PCIe SSD + 32GB Optane, Webcam, Backlit Keyboard, Fingerprint Reader, Windows 10, TWE Accessory Bundle
2020-07-10 16:28:55,017 - Logging - INFO - Table laptop: added -> Latest_Dell Inspiron 13.3" 7000 2-in-1 Touchscreen Laptop, 9th Generation Intel Core i5, 8GB Memory, 512GB SSD+ 32GB Optane, Wireless+Bluetooth, Silver, Windows 10
2020-07-10 16:28:55,029 - Logging - INFO - Table laptop: added -> ASUS - Zenbook 14" Laptop - AMD Ryzen 5 - 8GB Memory - NVIDIA GeForce MX350 - 256GB SSD - Light Gray - Q407IQ-BR5N4
2020-07-10 16:28:55,042 - Logging - INFO - Table laptop: added -> Lenovo ThinkPad L440 14.1 Inch Business Laptop, Intel Core i3-4100M 2.5GHz, 8G DDR3L, 128G SSD, DVD, WiFi, VGA, MDP, Win 10 Pro 64 Bit Multi-Language Support English/French/Spanish(Renewed)
2020-07-10 16:28:55,057 - Logging - INFO - Table laptop: added -> 2020 Newest HP Envy X360 Business 2 in 1 Laptop, 15.6 inch FHD IPS Touchscreen, AMD Hexa-Core Ryzen 5 4500U (Beats i7-8550U), Backlit Alexa FP Win 10 +CUE Accessories (32GB RAM I 512GB PCIe SSD)
2020-07-10 16:28:55,072 - Logging - INFO - Table laptop: added -> Liobaba 10.1 inch for Android 5.0 VIA8880 Cortex A9 1.5GHZ 512M + 8G WiFi Mini Netbook Game Notebook Laptop PC Computer
2020-07-10 16:28:55,089 - Logging - INFO - Table laptop: added -> 2020 Lenovo ThinkPad E15 15.6" FHD Full HD (1920x1080) Business Laptop (Intel 10th Quad Core i5-10210U, Type-C, HDMI, Windows 10 Pro +CUE Accessories (i5-10210U|8GB RAM|512GB SSD)
2020-07-10 16:28:55,105 - Logging - INFO - Table laptop: added -> Goldengulf Windows 10 Computer Laptop Mini 10.1 Inch 32GB Ultra Thin and Light Netbook Intel Quad Core CPU PC HDMI WiFi USB Netflix YouTube (Black)
2020-07-10 16:28:55,118 - Logging - INFO - Table laptop: added -> Lenovo IdeaPad 14 2020 Flagship Laptop I 14" HD WLED Display I AMD A6-9220e Processor I 4GB DDR4 64GB eMMC + 256GB SD Card I Office 365 Personal Webcam WiFi HDMI Win 10 + Delca 16GB Micro SD Card
2020-07-10 16:28:55,127 - Logging - INFO - Table laptop: added -> 2020 Newest HP ProBook 15.6" HD Anti-glare Laptop for business and student, 10th Gen Intel Quad Core i5-10210U (Beat i7-8665U), 8GB RAM, 512GB SSD, Backlit-KB, HDMI, Wifi, Win10 Pro, w/ GM Accessories
2020-07-10 16:28:55,139 - Logging - INFO - Table laptop: added -> Tablet Computer with Keyboard for Kids Games New with Windows 10 Mini Gaming Netbook Laptop i5-10210Y 8/16GB 256/512 GB ROM 7 Inch 1920x1200 Wifi/4G Audio Video Office Portable PC
2020-07-10 16:28:55,152 - Logging - INFO - Table laptop: added -> Dell Inspiron 13 7000 2020 Newest 2 in 1 Laptop I 13.3" FHD Touchscreen I Intel Quad-Core i5-10210U(>i7-7500U) I 8GB RAM 512GB PCIe SSD I Thunderbolt RGB Backlit FP Win 10 + Delca 16GB Micro SD Card
2020-07-10 16:28:55,164 - Logging - INFO - Table laptop: added -> 2020 14.1" Thin and Light Laptop Intel Atom X5 Quad core, 1.1Ghz CPU, up to 2.0Ghz, 6GB RAM, 64GB eMMC, Expandable 1TB SSD, WiFi, Mini HDMI Windows 10 Home
2020-07-10 16:28:55,178 - Logging - INFO - Table laptop: added -> HP 14" FHD IPS Anti-Glare WLED-Backlit High Performance Business Laptop, Intel Quad-Core i7-1065G7 up to 3.9GHz, 16GB DDR4, 1TB SSD, Backlit KB, Webcam, Bluetooth, HDMI, Windows 10, ABYS Bundle
2020-07-10 16:29:24,977 - Logging - WARNING - https://www.amazon.com/HP-17-by1022cl-17-3-Laptop-Computer/dp/B07NMSTDRC/ref=sr_1_49?dchild=1&keywords=laptop&qid=1594213292&sr=8-49  doesn't return content for table2
2020-07-10 16:29:24,978 - Logging - WARNING - https://www.amazon.com/HP-17-by1022cl-17-3-Laptop-Computer/dp/B07NMSTDRC/ref=sr_1_49?dchild=1&keywords=laptop&qid=1594213292&sr=8-49  doesn't return content for table3
2020-07-10 16:29:25,233 - Logging - WARNING - https://www.amazon.com/Sager-NP7958F1-15-6-Inch-Gaming-Windows/dp/B08CJLB5MS/ref=sr_1_50?dchild=1&keywords=laptop&qid=1594213292&sr=8-50  doesn't return content for table2
2020-07-10 16:29:25,233 - Logging - WARNING - https://www.amazon.com/Sager-NP7958F1-15-6-Inch-Gaming-Windows/dp/B08CJLB5MS/ref=sr_1_50?dchild=1&keywords=laptop&qid=1594213292&sr=8-50  doesn't return content for table3
2020-07-10 16:29:25,481 - Logging - WARNING - https://www.amazon.com/Dell-Inspiron-Touchscreen-i7-10510U-Fingerprint/dp/B08CGZVSWX/ref=sr_1_51?dchild=1&keywords=laptop&qid=1594213292&sr=8-51  doesn't return content for table2
2020-07-10 16:29:25,481 - Logging - WARNING - https://www.amazon.com/Dell-Inspiron-Touchscreen-i7-10510U-Fingerprint/dp/B08CGZVSWX/ref=sr_1_51?dchild=1&keywords=laptop&qid=1594213292&sr=8-51  doesn't return content for table3
2020-07-10 16:29:25,989 - Logging - WARNING - https://www.amazon.com/Sager-NP7877DW-17-3-Inch-Gaming-i7-10875H/dp/B08CMCTQG6/ref=sr_1_52?dchild=1&keywords=laptop&qid=1594213292&sr=8-52  doesn't return content for table2
2020-07-10 16:29:25,989 - Logging - WARNING - https://www.amazon.com/Sager-NP7877DW-17-3-Inch-Gaming-i7-10875H/dp/B08CMCTQG6/ref=sr_1_52?dchild=1&keywords=laptop&qid=1594213292&sr=8-52  doesn't return content for table3
2020-07-10 16:29:28,547 - Logging - WARNING - https://www.amazon.com/HP-Touchscreen-Dual-Core-Bluetooth-Professional/dp/B08CJSC74G/ref=sr_1_53?dchild=1&keywords=laptop&qid=1594213292&sr=8-53  doesn't return content for table2
2020-07-10 16:29:28,565 - Logging - WARNING - https://www.amazon.com/HP-Touchscreen-Dual-Core-Bluetooth-Professional/dp/B08CJSC74G/ref=sr_1_53?dchild=1&keywords=laptop&qid=1594213292&sr=8-53  doesn't return content for table3
2020-07-10 16:29:31,321 - Logging - WARNING - https://www.amazon.com/Lenovo-Computer-i3-1005G1-Processor-Graphics/dp/B08CKBYLN9/ref=sr_1_54?dchild=1&keywords=laptop&qid=1594213292&sr=8-54  doesn't return content for table2
2020-07-10 16:29:31,322 - Logging - WARNING - https://www.amazon.com/Lenovo-Computer-i3-1005G1-Processor-Graphics/dp/B08CKBYLN9/ref=sr_1_54?dchild=1&keywords=laptop&qid=1594213292&sr=8-54  doesn't return content for table3
2020-07-10 16:29:31,578 - Logging - WARNING - https://www.amazon.com/HP-Pavilion-Computer-Processor-Graphics/dp/B08CLQWVGV/ref=sr_1_55?dchild=1&keywords=laptop&qid=1594213292&sr=8-55  doesn't return content for table2
2020-07-10 16:29:31,578 - Logging - WARNING - https://www.amazon.com/HP-Pavilion-Computer-Processor-Graphics/dp/B08CLQWVGV/ref=sr_1_55?dchild=1&keywords=laptop&qid=1594213292&sr=8-55  doesn't return content for table3
2020-07-10 16:29:31,885 - Logging - WARNING - https://www.amazon.com/Dell-Latitude-E7270-DisplayPort-Bluetooth/dp/B08CM33ZZ3/ref=sr_1_56?dchild=1&keywords=laptop&qid=1594213292&sr=8-56  doesn't return content for table2
2020-07-10 16:29:31,885 - Logging - WARNING - https://www.amazon.com/Dell-Latitude-E7270-DisplayPort-Bluetooth/dp/B08CM33ZZ3/ref=sr_1_56?dchild=1&keywords=laptop&qid=1594213292&sr=8-56  doesn't return content for table3
2020-07-10 16:29:32,144 - Logging - WARNING - https://www.amazon.com/Dell-Inspiron-Touchscreen-i7-10510U-Fingerprint/dp/B08CH32S67/ref=sr_1_57?dchild=1&keywords=laptop&qid=1594213292&sr=8-57  doesn't return content for table2
2020-07-10 16:29:32,144 - Logging - WARNING - https://www.amazon.com/Dell-Inspiron-Touchscreen-i7-10510U-Fingerprint/dp/B08CH32S67/ref=sr_1_57?dchild=1&keywords=laptop&qid=1594213292&sr=8-57  doesn't return content for table3
2020-07-10 16:29:32,406 - Logging - WARNING - https://www.amazon.com/Dell-Inspiron-Touchscreen-i7-10510U-Fingerprint/dp/B08CGXQ16D/ref=sr_1_58?dchild=1&keywords=laptop&qid=1594213292&sr=8-58  doesn't return content for table2
2020-07-10 16:29:32,407 - Logging - WARNING - https://www.amazon.com/Dell-Inspiron-Touchscreen-i7-10510U-Fingerprint/dp/B08CGXQ16D/ref=sr_1_58?dchild=1&keywords=laptop&qid=1594213292&sr=8-58  doesn't return content for table3
2020-07-10 16:29:33,020 - Logging - WARNING - https://www.amazon.com/Dell-Inspiron-Touchscreen-i7-10510U-Fingerprint/dp/B08CGZPWVV/ref=sr_1_59?dchild=1&keywords=laptop&qid=1594213292&sr=8-59  doesn't return content for table2
2020-07-10 16:29:33,020 - Logging - WARNING - https://www.amazon.com/Dell-Inspiron-Touchscreen-i7-10510U-Fingerprint/dp/B08CGZPWVV/ref=sr_1_59?dchild=1&keywords=laptop&qid=1594213292&sr=8-59  doesn't return content for table3
2020-07-10 16:29:33,306 - Logging - WARNING - https://www.amazon.com/Dell-Inspiron-Touchscreen-i7-10510U-Fingerprint/dp/B08CH374ZN/ref=sr_1_60?dchild=1&keywords=laptop&qid=1594213292&sr=8-60  doesn't return content for table2
2020-07-10 16:29:33,306 - Logging - WARNING - https://www.amazon.com/Dell-Inspiron-Touchscreen-i7-10510U-Fingerprint/dp/B08CH374ZN/ref=sr_1_60?dchild=1&keywords=laptop&qid=1594213292&sr=8-60  doesn't return content for table3
2020-07-10 16:29:33,592 - Logging - WARNING - https://www.amazon.com/Dell-Latitude-E7270-i5-6300U-Bluetooth/dp/B08CMDCL28/ref=sr_1_61?dchild=1&keywords=laptop&qid=1594213292&sr=8-61  doesn't return content for table2
2020-07-10 16:29:33,593 - Logging - WARNING - https://www.amazon.com/Dell-Latitude-E7270-i5-6300U-Bluetooth/dp/B08CMDCL28/ref=sr_1_61?dchild=1&keywords=laptop&qid=1594213292&sr=8-61  doesn't return content for table3
2020-07-10 16:29:33,847 - Logging - WARNING - https://www.amazon.com/HP-x360-Display-Bluetooth-Windows/dp/B08CM1PDTS/ref=sr_1_62?dchild=1&keywords=laptop&qid=1594213292&sr=8-62  doesn't return content for table2
2020-07-10 16:29:33,848 - Logging - WARNING - https://www.amazon.com/HP-x360-Display-Bluetooth-Windows/dp/B08CM1PDTS/ref=sr_1_62?dchild=1&keywords=laptop&qid=1594213292&sr=8-62  doesn't return content for table3
2020-07-10 16:29:36,416 - Logging - INFO - Table features laptop: added -> 63
2020-07-10 16:29:38,169 - Logging - INFO - Table features laptop: added -> 64
2020-07-10 16:29:38,420 - Logging - WARNING - https://www.amazon.com/Dell-G3-15-1920x1080-Anti-Glare/dp/B08C94S738/ref=sr_1_209?dchild=1&keywords=laptop&qid=1594213292&sr=8-209  doesn't return content for table2
2020-07-10 16:29:38,421 - Logging - WARNING - https://www.amazon.com/Dell-G3-15-1920x1080-Anti-Glare/dp/B08C94S738/ref=sr_1_209?dchild=1&keywords=laptop&qid=1594213292&sr=8-209  doesn't return content for table3
2020-07-10 16:29:39,243 - Logging - WARNING - https://www.amazon.com/ASUS-VivoBook-i5-1035G1-Fingerprint-S333JA-DS51-WH/dp/B08BXBWKW7/ref=sr_1_210?dchild=1&keywords=laptop&qid=1594213292&sr=8-210  doesn't return content for table2
2020-07-10 16:29:39,243 - Logging - WARNING - https://www.amazon.com/ASUS-VivoBook-i5-1035G1-Fingerprint-S333JA-DS51-WH/dp/B08BXBWKW7/ref=sr_1_210?dchild=1&keywords=laptop&qid=1594213292&sr=8-210  doesn't return content for table3
2020-07-10 16:29:40,805 - Logging - INFO - Table features laptop: added -> 67
2020-07-10 16:29:42,366 - Logging - INFO - Table features laptop: added -> 68
2020-07-10 16:29:44,442 - Logging - WARNING - https://www.amazon.com/ASUS-Zenbook-Laptop-GeForce-Q407IQ-BR5N4/dp/B08C81JT39/ref=sr_1_213?dchild=1&keywords=laptop&qid=1594213292&sr=8-213  doesn't return content for table2
2020-07-10 16:29:44,446 - Logging - WARNING - https://www.amazon.com/ASUS-Zenbook-Laptop-GeForce-Q407IQ-BR5N4/dp/B08C81JT39/ref=sr_1_213?dchild=1&keywords=laptop&qid=1594213292&sr=8-213  doesn't return content for table3
2020-07-10 16:29:44,708 - Logging - WARNING - https://www.amazon.com/Lenovo-ThinkPad-L440-Business-Multi-Language/dp/B08C5KB7SD/ref=sr_1_214?dchild=1&keywords=laptop&qid=1594213292&sr=8-214  doesn't return content for table2
2020-07-10 16:29:44,708 - Logging - WARNING - https://www.amazon.com/Lenovo-ThinkPad-L440-Business-Multi-Language/dp/B08C5KB7SD/ref=sr_1_214?dchild=1&keywords=laptop&qid=1594213292&sr=8-214  doesn't return content for table3
2020-07-10 16:29:46,498 - Logging - INFO - Table features laptop: added -> 71
2020-07-10 16:29:49,035 - Logging - WARNING - https://www.amazon.com/Liobaba-Android-VIA8880-Notebook-Computer/dp/B08C7VY6MD/ref=sr_1_216?dchild=1&keywords=laptop&qid=1594213292&sr=8-216  doesn't return content for table2
2020-07-10 16:29:49,035 - Logging - WARNING - https://www.amazon.com/Liobaba-Android-VIA8880-Notebook-Computer/dp/B08C7VY6MD/ref=sr_1_216?dchild=1&keywords=laptop&qid=1594213292&sr=8-216  doesn't return content for table3
2020-07-10 16:29:50,326 - Logging - WARNING - https://www.amazon.com/Lenovo-ThinkPad-E15-1920x1080-Accessories/dp/B08C7WDX9G/ref=sr_1_217?dchild=1&keywords=laptop&qid=1594213292&sr=8-217  doesn't return content for table2
2020-07-10 16:29:50,326 - Logging - WARNING - https://www.amazon.com/Lenovo-ThinkPad-E15-1920x1080-Accessories/dp/B08C7WDX9G/ref=sr_1_217?dchild=1&keywords=laptop&qid=1594213292&sr=8-217  doesn't return content for table3
2020-07-10 16:29:50,604 - Logging - WARNING - https://www.amazon.com/GG20326/dp/B08BHZ4MHF/ref=sr_1_218?dchild=1&keywords=laptop&qid=1594213292&sr=8-218  doesn't return content for table2
2020-07-10 16:29:50,604 - Logging - WARNING - https://www.amazon.com/GG20326/dp/B08BHZ4MHF/ref=sr_1_218?dchild=1&keywords=laptop&qid=1594213292&sr=8-218  doesn't return content for table3
2020-07-10 16:29:50,880 - Logging - WARNING - https://www.amazon.com/Lenovo-IdeaPad-14-Processor-Office-365-Personal/dp/B08C7TSDWW/ref=sr_1_219?dchild=1&keywords=laptop&qid=1594213292&sr=8-219  doesn't return content for table2
2020-07-10 16:29:50,882 - Logging - WARNING - https://www.amazon.com/Lenovo-IdeaPad-14-Processor-Office-365-Personal/dp/B08C7TSDWW/ref=sr_1_219?dchild=1&keywords=laptop&qid=1594213292&sr=8-219  doesn't return content for table3
2020-07-10 16:29:51,133 - Logging - WARNING - https://www.amazon.com/HP-Anti-glare-i5-10210U-Backlit-KB-Accessories/dp/B08C7S17CT/ref=sr_1_220?dchild=1&keywords=laptop&qid=1594213292&sr=8-220  doesn't return content for table2
2020-07-10 16:29:51,134 - Logging - WARNING - https://www.amazon.com/HP-Anti-glare-i5-10210U-Backlit-KB-Accessories/dp/B08C7S17CT/ref=sr_1_220?dchild=1&keywords=laptop&qid=1594213292&sr=8-220  doesn't return content for table3
2020-07-10 16:29:51,639 - Logging - WARNING - https://www.amazon.com/Computer-Keyboard-i5-10210Y-1920x1200-Portable/dp/B08C7S8H1L/ref=sr_1_221?dchild=1&keywords=laptop&qid=1594213292&sr=8-221  doesn't return content for table2
2020-07-10 16:29:51,639 - Logging - WARNING - https://www.amazon.com/Computer-Keyboard-i5-10210Y-1920x1200-Portable/dp/B08C7S8H1L/ref=sr_1_221?dchild=1&keywords=laptop&qid=1594213292&sr=8-221  doesn't return content for table3
2020-07-10 16:29:51,954 - Logging - WARNING - https://www.amazon.com/Dell-Inspiron-7000-Touchscreen-Thunderbolt-RGB/dp/B08C7QCMC2/ref=sr_1_222?dchild=1&keywords=laptop&qid=1594213292&sr=8-222  doesn't return content for table2
2020-07-10 16:29:51,954 - Logging - WARNING - https://www.amazon.com/Dell-Inspiron-7000-Touchscreen-Thunderbolt-RGB/dp/B08C7QCMC2/ref=sr_1_222?dchild=1&keywords=laptop&qid=1594213292&sr=8-222  doesn't return content for table3
2020-07-10 16:29:52,234 - Logging - WARNING - https://www.amazon.com/Laptop-1-1Ghz-2-0Ghz-Expandable-Windows/dp/B0881NKQ3M/ref=sr_1_223?dchild=1&keywords=laptop&qid=1594213292&sr=8-223  doesn't return content for table2
2020-07-10 16:29:52,234 - Logging - WARNING - https://www.amazon.com/Laptop-1-1Ghz-2-0Ghz-Expandable-Windows/dp/B0881NKQ3M/ref=sr_1_223?dchild=1&keywords=laptop&qid=1594213292&sr=8-223  doesn't return content for table3
2020-07-10 16:29:53,790 - Logging - WARNING - https://www.amazon.com/HP-14-Anti-Glare-WLED-Backlit-Performance/dp/B08C7G83S6/ref=sr_1_224?dchild=1&keywords=laptop&qid=1594213292&sr=8-224  doesn't return content for table2
2020-07-10 16:29:53,790 - Logging - WARNING - https://www.amazon.com/HP-14-Anti-Glare-WLED-Backlit-Performance/dp/B08C7G83S6/ref=sr_1_224?dchild=1&keywords=laptop&qid=1594213292&sr=8-224  doesn't return content for table3
